<?xml version="1.0" encoding="UTF-8"?>
<testsuite xmlns:xsi="http://www.w3.org/2001/XMLSchema-instance" xsi:noNamespaceSchemaLocation="https://maven.apache.org/surefire/maven-surefire-plugin/xsd/surefire-test-report-3.0.xsd" version="3.0" name="com.bddinaction.chapter2.jbehave.TestStoryRunner" time="2.382" tests="21" errors="0" skipped="0" failures="0">
  <properties>
[...]
</properties>
  <testcase name="" classname="java.lang.Object" time="0.225">
    <system-out><![CDATA[Processing system properties {}
Using controls EmbedderControls[batch=false,failOnStoryTimeout=false,generateViewAfterStories=true,ignoreFailureInStories=true,ignoreFailureInView=true,skip=false,storyTimeouts=300,threads=1,verboseFailures=false,verboseFiltering=false]

(BeforeStories)
]]></system-out>
    <system-err><![CDATA[[main] INFO com.athaydes.spockframework.report.SpockReportExtension - Got configuration from Spock: com.athaydes.spockframework.report.internal.SpockReportsConfiguration([:])
[main] INFO com.athaydes.spockframework.report.internal.ConfigLoader - SpockReports config loaded: {com.athaydes.spockframework.report.projectVersion=Unknown, com.athaydes.spockframework.report.aggregatedJsonReportDir=, com.athaydes.spockframework.report.template.TemplateReportCreator.enabled=true, com.athaydes.spockframework.report.internal.HtmlReportCreator.printThrowableStackTrace=false, com.athaydes.spockframework.report.template.TemplateReportCreator.specTemplateFile=/templateReportCreator/spec-template.md, com.athaydes.spockframework.report.template.TemplateReportCreator.reportFileExtension=md, com.athaydes.spockframework.report.hideEmptyBlocks=false, com.athaydes.spockframework.report.template.TemplateReportCreator.summaryTemplateFile=/templateReportCreator/summary-template.md, com.athaydes.spockframework.report.template.TemplateReportCreator.summaryFileName=summary.md, com.athaydes.spockframework.report.internal.HtmlReportCreator.enabled=true, com.athaydes.spockframework.report.outputDir=build/spock-reports, com.athaydes.spockframework.report.projectName=, com.athaydes.spockframework.report.showCodeBlocks=false, com.athaydes.spockframework.report.internal.HtmlReportCreator.specSummaryNameOption=class_name_and_title, com.athaydes.spockframework.report.internal.HtmlReportCreator.inlineCss=true, com.athaydes.spockframework.report.internal.HtmlReportCreator.featureReportCss=spock-feature-report.css, com.athaydes.spockframework.report.testSourceRoots=src/test/groovy, com.athaydes.spockframework.report.internal.HtmlReportCreator.summaryReportCss=spock-summary-report.css, com.athaydes.spockframework.report.internal.HtmlReportCreator.excludeToc=false, com.athaydes.spockframework.report.IReportCreator=com.athaydes.spockframework.report.internal.HtmlReportCreator}
[main] INFO  - 

-------------------------------------------------------------------------------------
     _______. _______ .______       _______ .__   __.  __  .___________.____    ____ 
    /       ||   ____||   _  \     |   ____||  \ |  | |  | |           |\   \  /   / 
   |   (----`|  |__   |  |_)  |    |  |__   |   \|  | |  | `---|  |----` \   \/   /  
    \   \    |   __|  |      /     |   __|  |  . `  | |  |     |  |       \_    _/   
.----)   |   |  |____ |  |\  \----.|  |____ |  |\   | |  |     |  |         |  |     
|_______/    |_______|| _| `._____||_______||__| \__| |__|     |__|         |__|    
                                                                                     
 News and tutorials at http://www.serenity-bdd.info                                  
 Documentation at https://wakaleo.gitbooks.io/the-serenity-book/content/             
 Join the Serenity Community on Gitter: https://gitter.im/serenity-bdd/serenity-core 
 Serenity BDD Support and Training at http://serenity-bdd.info/#/trainingandsupport  
-------------------------------------------------------------------------------------

]]></system-err>
  </testcase>
  <testcase name="" classname="java.lang.Object" time="0.001">
    <system-out><![CDATA[Then I should be told about the trains at: 08:02, 08:11, 08:14, 08:21



(AfterStories)
]]></system-out>
    <system-err><![CDATA[[pool-3-thread-1] INFO  - 
  _____   ___   ___   _____     ___     _     ___   ___   ___   ___  
 |_   _| | __| / __| |_   _|   | _ \   /_\   / __| / __| | __| |   \ 
   | |   | _|  \__ \   | |     |  _/  / _ \  \__ \ \__ \ | _|  | |) |
   |_|   |___| |___/   |_|     |_|   /_/ \_\ |___/ |___/ |___| |___/ 

Find the optimal itinerary between stations on the same line
----------------------------------------------------------------------
]]></system-err>
  </testcase>
  <testcase name="" classname="com.bddinaction.chapter2.jbehave.steps.ArrivalTimesSteps" time="0.021">
    <system-out><![CDATA[
Running story stories/calculate_estimated_arrival_times.story
Using timeout for story calculate_estimated_arrival_times.story of 300 secs.

(stories/calculate_estimated_arrival_times.story)
Meta:
@Tell travellers when they will arrive at their destination

Narrative:
In order to plan my voyage more effectively
As a commuter
I want to know what time I will arrive at my destination
Scenario: Calculate arrival times
Examples:
Given I want to go from <departure> to <destination>
And the next train leaves at <departureTime> on <line> line
When I ask for my arrival time
Then the estimated arrival time should be <arrivalTime>

|departure|destination|departureTime|line|arrivalTime|
|Parramatta|Town Hall|08:02|Western|08:29|
|Epping|Central|08:03|Northern|08:48|
|Epping|Central|08:07|Newcastle|08:37|
|Epping|Central|08:13|Epping|08:51|

Example: {departure=Parramatta, destination=Town Hall, departureTime=08:02, line=Western, arrivalTime=08:29, Tell=travellers when they will arrive at their destination}
]]></system-out>
    <system-err><![CDATA[[pool-3-thread-1] INFO net.serenitybdd.jbehave.embedders.monitors.ReportingEmbedderMonitor - 1397643446story running with path stories/calculate_estimated_arrival_times.story
[pool-3-thread-1] ERROR net.serenitybdd.jbehave.embedders.monitors.ReportingEmbedderMonitor - can not find any story by path stories/calculate_estimated_arrival_times.story
[pool-3-thread-1] INFO  - Test Suite Started: Calculate estimated arrival times
[pool-3-thread-1] INFO  - 
  _____   ___   ___   _____     ___   _____     _     ___   _____   ___   ___  
 |_   _| | __| / __| |_   _|   / __| |_   _|   /_\   | _ \ |_   _| | __| |   \ 
   | |   | _|  \__ \   | |     \__ \   | |    / _ \  |   /   | |   | _|  | |) |
   |_|   |___| |___/   |_|     |___/   |_|   /_/ \_\ |_|_\   |_|   |___| |___/ 

Calculate arrival times(stories/calculate_estimated_arrival_times.story;Calculate arrival times)
--------------------------------------------------------------------------------
]]></system-err>
  </testcase>
  <testcase name="" classname="com.bddinaction.chapter2.jbehave.steps.ArrivalTimesSteps" time="0.01">
    <system-out><![CDATA[Given I want to go from Parramatta to Town Hall
]]></system-out>
  </testcase>
  <testcase name="" classname="com.bddinaction.chapter2.jbehave.steps.ArrivalTimesSteps" time="0.044">
    <system-out><![CDATA[And the next train leaves at 08:02 on Western line
]]></system-out>
  </testcase>
  <testcase name="" classname="com.bddinaction.chapter2.jbehave.steps.ArrivalTimesSteps" time="0.065">
    <system-out><![CDATA[When I ask for my arrival time
]]></system-out>
  </testcase>
  <testcase name="" classname="com.bddinaction.chapter2.jbehave.steps.ArrivalTimesSteps" time="0.003">
    <system-out><![CDATA[Then the estimated arrival time should be 08:29

Example: {departure=Epping, destination=Central, departureTime=08:03, line=Northern, arrivalTime=08:48, Tell=travellers when they will arrive at their destination}
]]></system-out>
  </testcase>
  <testcase name="" classname="com.bddinaction.chapter2.jbehave.steps.ArrivalTimesSteps" time="0.003">
    <system-out><![CDATA[Given I want to go from Epping to Central
]]></system-out>
  </testcase>
  <testcase name="" classname="com.bddinaction.chapter2.jbehave.steps.ArrivalTimesSteps" time="0.001">
    <system-out><![CDATA[And the next train leaves at 08:03 on Northern line
]]></system-out>
  </testcase>
  <testcase name="" classname="com.bddinaction.chapter2.jbehave.steps.ArrivalTimesSteps" time="0.002">
    <system-out><![CDATA[When I ask for my arrival time
]]></system-out>
  </testcase>
  <testcase name="" classname="com.bddinaction.chapter2.jbehave.steps.ArrivalTimesSteps" time="0.002">
    <system-out><![CDATA[Then the estimated arrival time should be 08:48

Example: {departure=Epping, destination=Central, departureTime=08:07, line=Newcastle, arrivalTime=08:37, Tell=travellers when they will arrive at their destination}
]]></system-out>
  </testcase>
  <testcase name="" classname="com.bddinaction.chapter2.jbehave.steps.ArrivalTimesSteps" time="0.002">
    <system-out><![CDATA[Given I want to go from Epping to Central
]]></system-out>
  </testcase>
  <testcase name="" classname="com.bddinaction.chapter2.jbehave.steps.ArrivalTimesSteps" time="0.003">
    <system-out><![CDATA[And the next train leaves at 08:07 on Newcastle line
]]></system-out>
  </testcase>
  <testcase name="" classname="com.bddinaction.chapter2.jbehave.steps.ArrivalTimesSteps" time="0.003">
    <system-out><![CDATA[When I ask for my arrival time
]]></system-out>
  </testcase>
  <testcase name="" classname="com.bddinaction.chapter2.jbehave.steps.ArrivalTimesSteps" time="0.002">
    <system-out><![CDATA[Then the estimated arrival time should be 08:37

Example: {departure=Epping, destination=Central, departureTime=08:13, line=Epping, arrivalTime=08:51, Tell=travellers when they will arrive at their destination}
]]></system-out>
  </testcase>
  <testcase name="" classname="com.bddinaction.chapter2.jbehave.steps.ArrivalTimesSteps" time="0.003">
    <system-out><![CDATA[Given I want to go from Epping to Central
]]></system-out>
  </testcase>
  <testcase name="" classname="com.bddinaction.chapter2.jbehave.steps.ArrivalTimesSteps" time="0.004">
    <system-out><![CDATA[And the next train leaves at 08:13 on Epping line
]]></system-out>
  </testcase>
  <testcase name="" classname="com.bddinaction.chapter2.jbehave.steps.ArrivalTimesSteps" time="0.005">
    <system-out><![CDATA[When I ask for my arrival time
]]></system-out>
  </testcase>
  <testcase name="" classname="com.bddinaction.chapter2.jbehave.steps.OptimalItinerarySteps" time="0.017">
    <system-out><![CDATA[Then the estimated arrival time should be 08:51



Running story stories/find_next_train_departures.story
Using timeout for story find_next_train_departures.story of 300 secs.

(stories/find_next_train_departures.story)
Meta:
@Find out what time the next trains for my destination station leave

Narrative:
In order to plan my trips more effectively
As a commuter
I want to know the next trains going to my destination
Scenario: Find the optimal itinerary between stations on the same line
]]></system-out>
    <system-err><![CDATA[[pool-3-thread-1] INFO  - 
  _____   ___   ___   _____     ___     _     ___   ___   ___   ___  
 |_   _| | __| / __| |_   _|   | _ \   /_\   / __| / __| | __| |   \ 
   | |   | _|  \__ \   | |     |  _/  / _ \  \__ \ \__ \ | _|  | |) |
   |_|   |___| |___/   |_|     |_|   /_/ \_\ |___/ |___/ |___| |___/ 

Calculate arrival times
----------------------------------------------------------------------
[pool-3-thread-1] INFO net.serenitybdd.jbehave.embedders.monitors.ReportingEmbedderMonitor - 1397643446story running with path stories/find_next_train_departures.story
[pool-3-thread-1] ERROR net.serenitybdd.jbehave.embedders.monitors.ReportingEmbedderMonitor - can not find any story by path stories/find_next_train_departures.story
[pool-3-thread-1] INFO  - Test Suite Started: Find next train departures
[pool-3-thread-1] INFO  - 
  _____   ___   ___   _____     ___   _____     _     ___   _____   ___   ___  
 |_   _| | __| / __| |_   _|   / __| |_   _|   /_\   | _ \ |_   _| | __| |   \ 
   | |   | _|  \__ \   | |     \__ \   | |    / _ \  |   /   | |   | _|  | |) |
   |_|   |___| |___/   |_|     |___/   |_|   /_/ \_\ |_|_\   |_|   |___| |___/ 

Find the optimal itinerary between stations on the same line(stories/find_next_train_departures.story;Find the optimal itinerary between stations on the same line)
--------------------------------------------------------------------------------
]]></system-err>
  </testcase>
  <testcase name="" classname="com.bddinaction.chapter2.jbehave.steps.OptimalItinerarySteps" time="0.009">
    <system-out><![CDATA[Given Western line trains from Emu Plains leave Parramatta for Town Hall at 07:58, 08:00, 08:02, 08:11, 08:14, 08:21, 08:31, 08:36
]]></system-out>
  </testcase>
  <testcase name="" classname="com.bddinaction.chapter2.jbehave.steps.OptimalItinerarySteps" time="0.019">
    <system-out><![CDATA[When I want to travel from Parramatta to Town Hall at 08:00
]]></system-out>
  </testcase>
</testsuite>