<?xml version="1.0" encoding="UTF-8"?>
<testsuite xmlns:xsi="http://www.w3.org/2001/XMLSchema-instance" xsi:noNamespaceSchemaLocation="https://maven.apache.org/surefire/maven-surefire-plugin/xsd/surefire-test-report-3.0.xsd" version="3.0" name="com.testing.storyRunner.TestRunner" time="3.819" tests="10" errors="0" skipped="0" failures="0">
  <properties>
[...]
</properties>
  <testcase name="BeforeStories" classname="java.lang.Object" time="0.231">
    <system-out><![CDATA[Processing system properties {}
Using controls EmbedderControls[batch=false,failOnStoryTimeout=false,generateViewAfterStories=true,ignoreFailureInStories=true,ignoreFailureInView=true,skip=false,storyTimeouts=300,threads=1,verboseFailures=false,verboseFiltering=false]

(BeforeStories)

]]></system-out>
    <system-err><![CDATA[SLF4J: Failed to load class "org.slf4j.impl.StaticLoggerBinder".
SLF4J: Defaulting to no-operation (NOP) logger implementation
SLF4J: See http://www.slf4j.org/codes.html#StaticLoggerBinder for further details.
]]></system-err>
  </testcase>
  <testcase name="AfterStories" classname="java.lang.Object" time="0.001">
    <system-out><![CDATA[
(AfterStories)

]]></system-out>
  </testcase>
  <testcase name="Given launch github page" classname="com.testing.stepDefs.githubStepsDef" time="0.484">
    <system-out><![CDATA[Running story stories/github.story

(stories/github.story)
Narrative:
As a user
I want to perform a search action in github
So that I can achieve a business goal for validating the correct user
Scenario: Search in github
Using timeout for story github.story of 300 secs.
Examples:
Given launch github page
When search github <user>
Then validate <username>

|user|username|
|iasminborba|Iasmin Borba|
|harish1309|S Harsih|

Example: {user=iasminborba, username=Iasmin Borba}
Given launch github page
]]></system-out>
  </testcase>
  <testcase name="When search github &lt;user&gt;" classname="com.testing.stepDefs.githubStepsDef" time="0.014">
    <system-out><![CDATA[When search github iasminborba
]]></system-out>
  </testcase>
  <testcase name="Then validate &lt;username&gt;" classname="com.testing.stepDefs.githubStepsDef" time="0.046">
    <system-out><![CDATA[Then validate Iasmin Borba
]]></system-out>
  </testcase>
  <testcase name="Given launch github page​" classname="com.testing.stepDefs.githubStepsDef" time="0.008">
    <system-out><![CDATA[
Example: {user=harish1309, username=S Harsih}
Given launch github page
]]></system-out>
  </testcase>
  <testcase name="When search github &lt;user&gt;​" classname="com.testing.stepDefs.githubStepsDef" time="0.006">
    <system-out><![CDATA[When search github harish1309
]]></system-out>
  </testcase>
  <testcase name="Then validate &lt;username&gt;​" classname="com.testing.stepDefs.githubStepsDef" time="0.005">
    <system-out><![CDATA[Then validate S Harsih
]]></system-out>
  </testcase>
  <testcase name="" classname="Scenario: Search in github" time="0.008">
    <system-out><![CDATA[

]]></system-out>
  </testcase>
  <testcase name="" classname="github․story" time="0.009">
    <system-out><![CDATA[
]]></system-out>
  </testcase>
</testsuite>